<?xml version="1.0" encoding="UTF-8"?>
<!-- Generated by org.testng.reporters.JUnitReportReporter -->
<testsuite hostname="TYSS-Soumya" failures="0" tests="1" name="com.APIDemo.Gestures.ScrollTest" time="18.890" errors="0" timestamp="2023-08-14T10:58:12 IST" skipped="0">
  <testcase classname="com.APIDemo.Gestures.ScrollTest" name="scroll" time="18.890"/>
  <system-out/>
</testsuite> <!-- com.APIDemo.Gestures.ScrollTest -->
