<?xml version="1.0" encoding="UTF-8"?>
<!-- Generated by org.testng.reporters.JUnitReportReporter -->
<testsuite hostname="TYSS-Soumya" failures="0" tests="1" name="com.APIDemo.Gestures.Pinch_Open_CloseTest" time="16.958" errors="0" timestamp="2023-08-11T12:42:26 IST" skipped="0">
  <testcase classname="com.APIDemo.Gestures.Pinch_Open_CloseTest" name="pinch_Open_Close" time="16.958"/>
  <system-out/>
</testsuite> <!-- com.APIDemo.Gestures.Pinch_Open_CloseTest -->
