<?xml version="1.0" encoding="UTF-8"?>
<!-- Generated by org.testng.reporters.JUnitReportReporter -->
<testsuite hostname="TYSS-Soumya" failures="0" tests="1" name="com.APIDemo.Gestures.SwipeTest" time="16.794" errors="0" timestamp="2023-08-14T10:17:01 IST" skipped="0">
  <testcase classname="com.APIDemo.Gestures.SwipeTest" name="swipe" time="16.794"/>
  <system-out/>
</testsuite> <!-- com.APIDemo.Gestures.SwipeTest -->
