<?xml version="1.0" encoding="UTF-8"?>
<!-- Generated by org.testng.reporters.JUnitReportReporter -->
<testsuite hostname="TYSS-Soumya" failures="0" tests="1" name="BrowserStack.MobileAppTest" time="27.246" errors="0" timestamp="2023-08-28T12:59:00 IST" skipped="0">
  <testcase classname="BrowserStack.MobileAppTest" name="mobileBrowser" time="27.246"/>
  <system-out/>
</testsuite> <!-- BrowserStack.MobileAppTest -->
