<?xml version="1.0" encoding="UTF-8"?>
<!-- Generated by org.testng.reporters.JUnitReportReporter -->
<testsuite hostname="TYSS-Soumya" failures="0" tests="1" name="com.APIDemo.DriverMethods.ContextHandlesTest" time="19.597" errors="0" timestamp="2023-08-16T11:09:40 IST" skipped="0">
  <testcase classname="com.APIDemo.DriverMethods.ContextHandlesTest" name="contextHandlesTest" time="19.597"/>
  <system-out/>
</testsuite> <!-- com.APIDemo.DriverMethods.ContextHandlesTest -->
