<?xml version="1.0" encoding="UTF-8"?>
<!-- Generated by org.testng.reporters.JUnitReportReporter -->
<testsuite hostname="TYSS-Soumya" failures="0" tests="1" name="com.APIDemo.practice.OpenAppTest" time="21.134" errors="0" timestamp="2023-08-11T10:11:40 IST" skipped="0">
  <testcase classname="com.APIDemo.practice.OpenAppTest" name="openApp" time="21.134"/>
  <system-out/>
</testsuite> <!-- com.APIDemo.practice.OpenAppTest -->
