<?xml version="1.0" encoding="UTF-8"?>
<!-- Generated by org.testng.reporters.JUnitReportReporter -->
<testsuite hostname="TYSS-Soumya" failures="0" tests="1" name="com.APIDemo.DriverMethods.DriverMethods" time="31.611" errors="0" timestamp="2023-08-14T12:26:00 IST" skipped="0">
  <testcase classname="com.APIDemo.DriverMethods.DriverMethods" name="driverMethods" time="31.611"/>
  <system-out/>
</testsuite> <!-- com.APIDemo.DriverMethods.DriverMethods -->
