<?xml version="1.0" encoding="UTF-8"?>
<!-- Generated by org.testng.reporters.JUnitReportReporter -->
<testsuite hostname="TYSS-Soumya" failures="0" tests="1" name="com.APIDemo.DriverMethods.ChromeBrowserTest" time="124.655" errors="0" timestamp="2023-08-16T10:17:46 IST" skipped="0">
  <testcase classname="com.APIDemo.DriverMethods.ChromeBrowserTest" name="cheomwTest" time="124.655"/>
  <system-out/>
</testsuite> <!-- com.APIDemo.DriverMethods.ChromeBrowserTest -->
