<?xml version="1.0" encoding="UTF-8"?>
<!-- Generated by org.testng.reporters.JUnitReportReporter -->
<testsuite hostname="TYSS-Soumya" failures="0" tests="1" name="BrowserStack.MobileBrowserTest" time="18.668" errors="0" timestamp="2023-08-28T13:28:41 IST" skipped="0">
  <testcase classname="BrowserStack.MobileBrowserTest" name="mobileBrowser" time="18.668"/>
  <system-out/>
</testsuite> <!-- BrowserStack.MobileBrowserTest -->
