<?xml version="1.0" encoding="UTF-8"?>
<!-- Generated by org.testng.reporters.JUnitReportReporter -->
<testsuite hostname="TYSS-Soumya" failures="0" tests="1" name="com.APIDemo.Gestures.DragAndDrop" time="13.845" errors="0" timestamp="2023-08-11T10:59:49 IST" skipped="0">
  <testcase classname="com.APIDemo.Gestures.DragAndDrop" name="dragAndDrop" time="13.845"/>
  <system-out/>
</testsuite> <!-- com.APIDemo.Gestures.DragAndDrop -->
